<?xml version="1.0" encoding="UTF-8"?>
<testng-results skipped="0" failed="0" total="1" passed="1">
  <reporter-output>
  </reporter-output>
  <suite name="Default suite" duration-ms="34" started-at="2018-01-12T16:02:48Z" finished-at="2018-01-12T16:02:48Z">
    <groups>
    </groups>
    <test name="Default test" duration-ms="34" started-at="2018-01-12T16:02:48Z" finished-at="2018-01-12T16:02:48Z">
      <class name="Webtesting.Test1">
        <test-method status="PASS" signature="beforeSuite()[pri:0, instance:Webtesting.Test1@5f375618]" name="beforeSuite" is-config="true" duration-ms="6568" started-at="2018-01-12T18:02:41Z" finished-at="2018-01-12T18:02:48Z">
          <reporter-output>
          </reporter-output>
        </test-method> <!-- beforeSuite -->
        <test-method status="PASS" signature="beforeTest()[pri:0, instance:Webtesting.Test1@5f375618]" name="beforeTest" is-config="true" duration-ms="0" started-at="2018-01-12T18:02:48Z" finished-at="2018-01-12T18:02:48Z">
          <reporter-output>
          </reporter-output>
        </test-method> <!-- beforeTest -->
        <test-method status="PASS" signature="beforeClass()[pri:0, instance:Webtesting.Test1@5f375618]" name="beforeClass" is-config="true" duration-ms="0" started-at="2018-01-12T18:02:48Z" finished-at="2018-01-12T18:02:48Z">
          <reporter-output>
          </reporter-output>
        </test-method> <!-- beforeClass -->
        <test-method status="PASS" signature="beforeMethod()[pri:0, instance:Webtesting.Test1@5f375618]" name="beforeMethod" is-config="true" duration-ms="0" started-at="2018-01-12T18:02:48Z" finished-at="2018-01-12T18:02:48Z">
          <reporter-output>
          </reporter-output>
        </test-method> <!-- beforeMethod -->
        <test-method status="PASS" signature="GetTile()[pri:0, instance:Webtesting.Test1@5f375618]" name="GetTile" duration-ms="22" started-at="2018-01-12T18:02:48Z" finished-at="2018-01-12T18:02:48Z">
          <reporter-output>
          </reporter-output>
        </test-method> <!-- GetTile -->
        <test-method status="PASS" signature="afterMethod()[pri:0, instance:Webtesting.Test1@5f375618]" name="afterMethod" is-config="true" duration-ms="0" started-at="2018-01-12T18:02:48Z" finished-at="2018-01-12T18:02:48Z">
          <reporter-output>
          </reporter-output>
        </test-method> <!-- afterMethod -->
        <test-method status="PASS" signature="afterClass()[pri:0, instance:Webtesting.Test1@5f375618]" name="afterClass" is-config="true" duration-ms="0" started-at="2018-01-12T18:02:48Z" finished-at="2018-01-12T18:02:48Z">
          <reporter-output>
          </reporter-output>
        </test-method> <!-- afterClass -->
        <test-method status="PASS" signature="afterTest()[pri:0, instance:Webtesting.Test1@5f375618]" name="afterTest" is-config="true" duration-ms="0" started-at="2018-01-12T18:02:48Z" finished-at="2018-01-12T18:02:48Z">
          <reporter-output>
          </reporter-output>
        </test-method> <!-- afterTest -->
        <test-method status="PASS" signature="afterSuite()[pri:0, instance:Webtesting.Test1@5f375618]" name="afterSuite" is-config="true" duration-ms="1" started-at="2018-01-12T18:02:48Z" finished-at="2018-01-12T18:02:48Z">
          <reporter-output>
          </reporter-output>
        </test-method> <!-- afterSuite -->
      </class> <!-- Webtesting.Test1 -->
    </test> <!-- Default test -->
  </suite> <!-- Default suite -->
</testng-results>
